<?xml version="1.0" encoding="UTF-8"?>
<testsuite xmlns:xsi="http://www.w3.org/2001/XMLSchema-instance" xsi:noNamespaceSchemaLocation="https://maven.apache.org/surefire/maven-surefire-plugin/xsd/surefire-test-report.xsd" name="order.OrderCreateTest" time="1.984" tests="4" errors="0" skipped="0" failures="0">
  <properties>
[...]
</properties>
  <testcase name="createOrderWithDifferentColors[0]" classname="order.OrderCreateTest" time="0.922"/>
  <testcase name="createOrderWithDifferentColors[1]" classname="order.OrderCreateTest" time="0.312"/>
  <testcase name="createOrderWithDifferentColors[2]" classname="order.OrderCreateTest" time="0.344"/>
  <testcase name="createOrderWithDifferentColors[3]" classname="order.OrderCreateTest" time="0.359"/>
</testsuite>